<?xml version="1.0" encoding="UTF-8"?>
<!-- Generated by org.testng.reporters.JUnitXMLReporter -->
<testsuite hostname="Ashish" ignored="0" name="function" tests="2" failures="1" timestamp="02 Jan 2020 03:31:08 GMT" time="14.114" errors="0">
  <testcase name="failedPageTitle" time="0.013" classname="com.qa.sampletests.GoogleHomePageTest">
    <failure type="java.lang.AssertionError" message="expected [Test] but found [Google]">
      <![CDATA[java.lang.AssertionError: expected [Test] but found [Google]
at com.qa.sampletests.GoogleHomePageTest.failedPageTitle(GoogleHomePageTest.java:25)
... Removed 30 stack frames]]>
    </failure>
  </testcase> <!-- failedPageTitle -->
  <testcase name="verifyPageTitle" time="0.01" classname="com.qa.sampletests.GoogleHomePageTest"/>
</testsuite> <!-- function -->
